, 04-IsoP_000_gaussian, 1, ,
JOBSEND: 1, TOTALJOBS: 13
, 04-IsoP_002_gaussian, 2, 1, 13
JOBSEND: 2, TOTALJOBS: 13
, 04-IsoP_005_gaussian, 3, 2, 13
JOBSEND: 3, TOTALJOBS: 13
, 04-IsoP_007_gaussian, 4, 3, 13
JOBSEND: 4, TOTALJOBS: 13
, 04-IsoP_008_gaussian, 5, 4, 13
JOBSEND: 5, TOTALJOBS: 13
, 04-IsoP_012_gaussian, 6, 5, 13
JOBSEND: 6, TOTALJOBS: 13
, 04-IsoP_013_gaussian, 7, 6, 13
JOBSEND: 7, TOTALJOBS: 13
, 04-IsoP_015_gaussian, 8, 7, 13
JOBSEND: 8, TOTALJOBS: 13
, 04-IsoP_024_gaussian, 9, 8, 13
JOBSEND: 9, TOTALJOBS: 13
, 04-IsoP_028_gaussian, 10, 9, 13
JOBSEND: 10, TOTALJOBS: 13
, 04-IsoP_030_gaussian, 11, 10, 13
JOBSEND: 11, TOTALJOBS: 13
, 04-IsoP_036_gaussian, 12, 11, 13
JOBSEND: 12, TOTALJOBS: 13
, 04-IsoP_041_gaussian, 13, 12, 13
JOBSEND: 13, TOTALJOBS: 13
