
		 Starting installation!!!! at 14/09/2021 11:12:48


		 SYS PATH
/home/jramos/PycharmProjects/GeCos
/home/jramos/PycharmProjects/GeCos
/home/jramos/PycharmProjects/GeCos/gecos
/home/jramos/PycharmProjects/GeCos/gecos_gui
/home/jramos/PycharmProjects/TMP/third/pysimm
/opt/pycharm-2020.1/plugins/python/helpers/pycharm_display
/usr/lib/python38.zip
/usr/lib/python3.8
/usr/lib/python3.8/lib-dynload
/home/jramos/PycharmProjects/sandbox_GeCos/lib/python3.8/site-packages
/home/jramos/PycharmProjects/sandbox_GeCos/lib/python3.8/site-packages/gecos-0.1-py3.8.egg
/opt/pycharm-2020.1/plugins/python/helpers/pycharm_matplotlib_backend

		 INSTALLING PIP PACKAGES

14/09/2021 11:12:48: ** GECOS: Installing GitPython==3.1.1
14/09/2021 11:12:48: ** GECOS: Installing rdkit-pypi==2021.3.2.3
14/09/2021 11:12:49: ** GECOS: Installing pandas
14/09/2021 11:12:50: ** GECOS: Installing paramiko
14/09/2021 11:12:51: ** GECOS: Installing pycryptodome
14/09/2021 11:12:51: ** GECOS: Installing passwd-encrypt
14/09/2021 11:12:52: ** GECOS: Installing jupyter
14/09/2021 11:12:53: ** GECOS: Installing nglview
14/09/2021 11:12:54: ** GECOS: Installing Pillow
14/09/2021 11:12:55: ** GECOS: Installing MDAnalysis
14/09/2021 11:12:56: ** GECOS: Installing PySimpleGUI
14/09/2021 11:12:56: ** GECOS: Installing matplotlib

		 COMPILING & INSTALLING INDIGO-BONDORDER PACKAGE

14/09/2021 11:12:57: ** GECOS: indigo-bondorder is already installed in your system. https://github.com/allison-group/indigo-bondorder.git

		 COMPILING & INSTALLING EIGEN PACKAGE


14/09/2021 11:12:57: ** GECOS: eigen is already installed in your system. thirdparty/eigen/eigen_library/include

		 COMPILING & INSTALLING OPENBABEL PACKAGE


14/09/2021 11:12:57: ** GECOS: openbabel is already installed in your system. /home/jramos/PycharmProjects/GeCos/thirdparty/openbabel
cp -rf /home/jramos/PycharmProjects/GeCos/thirdparty/openbabel/lib/python3.8/site-packages/openbabel /home/jramos/PycharmProjects/sandbox_GeCos/lib/python3.8/site-packages

		 COMPILING & INSTALLING DockRMSD PACKAGE

14/09/2021 11:12:57: ** GECOS: DockRMSD is already installed in your system


		 RUNNING SETUP FROM SETUPTOOLS 14/09/2021 11:12:57



		 Installation Done!!!! at 14/09/2021 11:12:57


