
  ============================================================================  

    ja-netfilter 2022.2.0

    A javaagent framework :)

    https://github.com/ja-netfilter/ja-netfilter

  ============================================================================  

2023-02-14 17:52:51,635 [   1885]   WARN - #c.i.n.i.NotificationGroupManagerImpl - Notification group CodeWithMe is already registered (group=com.intellij.notification.NotificationGroup@557150c5). Plugin descriptor: PluginDescriptor(name=Code With Me, id=com.jetbrains.codeWithMe, descriptorPath=plugin.xml, path=/opt/jetbrains/pycharm-2022.2/plugins/cwm-plugin, version=222.3345.131, package=null, isBundled=true)
2023-02-14 17:52:51,872 [   2122]   WARN - #c.i.o.a.i.ActionManagerImpl - keymap "Visual Studio" not found PluginDescriptor(name=IDEA CORE, id=com.intellij, descriptorPath=plugin.xml, path=/opt/jetbrains/pycharm-2022.2/lib, version=222.3345.131, package=com.intellij.feedback, isBundled=true)
2023-02-14 17:52:51,877 [   2127]   WARN - #c.i.o.a.i.ActionManagerImpl - keymap "Eclipse" not found PluginDescriptor(name=IDEA CORE, id=com.intellij, descriptorPath=plugin.xml, path=/opt/jetbrains/pycharm-2022.2/lib, version=222.3345.131, package=com.intellij.feedback, isBundled=true)
2023-02-14 17:52:51,877 [   2127]   WARN - #c.i.o.a.i.ActionManagerImpl - keymap "NetBeans 6.5" not found PluginDescriptor(name=IDEA CORE, id=com.intellij, descriptorPath=plugin.xml, path=/opt/jetbrains/pycharm-2022.2/lib, version=222.3345.131, package=com.intellij.feedback, isBundled=true)
2023-02-14 17:52:51,878 [   2128]   WARN - #c.i.o.a.i.ActionManagerImpl - keymap "Visual Studio" not found PluginDescriptor(name=IDEA CORE, id=com.intellij, descriptorPath=plugin.xml, path=/opt/jetbrains/pycharm-2022.2/lib, version=222.3345.131, package=com.intellij.feedback, isBundled=true)
2023-02-14 17:52:51,915 [   2165]   WARN - #c.i.o.a.i.ActionManagerImpl - keymap "Visual Studio" not found PluginDescriptor(name=HTML Tools, id=HtmlTools, descriptorPath=plugin.xml, path=/opt/jetbrains/pycharm-2022.2/plugins/htmltools, version=222.3345.131, package=null, isBundled=true)
2023-02-14 17:52:51,923 [   2173]   WARN - #c.i.o.a.i.ActionManagerImpl - keymap "Eclipse" not found PluginDescriptor(name=GitHub, id=org.jetbrains.plugins.github, descriptorPath=plugin.xml, path=/opt/jetbrains/pycharm-2022.2/plugins/github, version=222.3345.131, package=org.jetbrains.plugins.github, isBundled=true)
2023-02-14 17:52:51,927 [   2177]   WARN - #c.i.o.a.i.ActionManagerImpl - keymap "Eclipse" not found PluginDescriptor(name=Space, id=com.jetbrains.space, moduleName=intellij.space.vcs, descriptorPath=intellij.space.vcs.xml, path=/opt/jetbrains/pycharm-2022.2/plugins/space, version=222.3345.131, package=com.intellij.space.vcs, isBundled=true)
2023-02-14 17:52:51,935 [   2185]   WARN - #c.i.o.a.i.ActionManagerImpl - keymap "Eclipse" not found PluginDescriptor(name=JavaScript and TypeScript, id=JavaScript, descriptorPath=plugin.xml, path=/opt/jetbrains/pycharm-2022.2/plugins/JavaScriptLanguage, version=222.3345.131, package=null, isBundled=true)
2023-02-14 17:52:51,936 [   2186]   WARN - #c.i.o.a.i.ActionManagerImpl - keymap "Visual Studio" not found PluginDescriptor(name=JavaScript and TypeScript, id=JavaScript, descriptorPath=plugin.xml, path=/opt/jetbrains/pycharm-2022.2/plugins/JavaScriptLanguage, version=222.3345.131, package=null, isBundled=true)
2023-02-14 17:52:51,951 [   2201]   WARN - #c.i.o.a.i.ActionManagerImpl - keymap "Eclipse" not found PluginDescriptor(name=Python, id=Pythonid, descriptorPath=plugin.xml, path=/opt/jetbrains/pycharm-2022.2/plugins/python, version=222.3345.131, package=null, isBundled=true)
2023-02-14 17:52:51,952 [   2202]   WARN - #c.i.o.a.i.ActionManagerImpl - keymap "NetBeans 6.5" not found PluginDescriptor(name=Python, id=Pythonid, descriptorPath=plugin.xml, path=/opt/jetbrains/pycharm-2022.2/plugins/python, version=222.3345.131, package=null, isBundled=true)
2023-02-14 17:52:51,953 [   2203]   WARN - #c.i.o.a.i.ActionManagerImpl - keymap "Visual Studio" not found PluginDescriptor(name=Python, id=Pythonid, descriptorPath=plugin.xml, path=/opt/jetbrains/pycharm-2022.2/plugins/python, version=222.3345.131, package=null, isBundled=true)
2023-02-14 17:52:51,957 [   2207]   WARN - #c.i.o.a.i.ActionManagerImpl - keymap "Eclipse" not found PluginDescriptor(name=Python, id=Pythonid, descriptorPath=plugin.xml, path=/opt/jetbrains/pycharm-2022.2/plugins/python, version=222.3345.131, package=null, isBundled=true)
Info  | RdCoroutineScope          | 17:JobScheduler FJ pool 1/3 | RdCoroutineHost overridden 
2023-02-14 17:52:53,976 [   4226]   WARN - #c.i.e.t.TargetBasedSdks - SDK target configuration data is absent
2023-02-14 17:52:53,987 [   4237]   WARN - #c.i.e.t.TargetBasedSdks - SDK target configuration data is absent
2023-02-14 17:52:53,989 [   4239]   WARN - #c.i.e.t.TargetBasedSdks - SDK target configuration data is absent
2023-02-14 17:52:53,994 [   4244]   WARN - #c.i.e.t.TargetBasedSdks - SDK target configuration data is absent
2023-02-14 17:52:54,024 [   4274]   WARN - #c.i.e.t.TargetBasedSdks - SDK target configuration data is absent
2023-02-14 17:52:54,031 [   4281]   WARN - #c.i.e.t.TargetBasedSdks - SDK target configuration data is absent
2023-02-14 17:52:54,032 [   4282]   WARN - #c.i.e.t.TargetBasedSdks - SDK target configuration data is absent
2023-02-14 17:52:54,033 [   4283]   WARN - #c.i.e.t.TargetBasedSdks - SDK target configuration data is absent
2023-02-14 17:52:54,037 [   4287]   WARN - #c.i.e.t.TargetBasedSdks - SDK target configuration data is absent
2023-02-14 17:52:54,039 [   4289]   WARN - #c.i.e.t.TargetBasedSdks - SDK target configuration data is absent
2023-02-14 17:52:54,041 [   4291]   WARN - #c.i.e.t.TargetBasedSdks - SDK target configuration data is absent
2023-02-14 17:52:54,042 [   4292]   WARN - #c.i.e.t.TargetBasedSdks - SDK target configuration data is absent
2023-02-14 17:52:54,042 [   4292]   WARN - #c.i.e.t.TargetBasedSdks - SDK target configuration data is absent
2023-02-14 17:52:54,043 [   4293]   WARN - #c.i.e.t.TargetBasedSdks - SDK target configuration data is absent
2023-02-14 17:52:54,047 [   4297]   WARN - #c.i.e.t.TargetBasedSdks - SDK target configuration data is absent
2023-02-14 17:52:54,049 [   4299]   WARN - #c.i.e.t.TargetBasedSdks - SDK target configuration data is absent
2023-02-14 17:52:54,051 [   4301]   WARN - #c.i.e.t.TargetBasedSdks - SDK target configuration data is absent
2023-02-14 17:52:54,052 [   4302]   WARN - #c.i.e.t.TargetBasedSdks - SDK target configuration data is absent
2023-02-14 17:52:54,052 [   4302]   WARN - #c.i.e.t.TargetBasedSdks - SDK target configuration data is absent
2023-02-14 17:52:54,053 [   4303]   WARN - #c.i.e.t.TargetBasedSdks - SDK target configuration data is absent
2023-02-14 17:52:54,055 [   4305]   WARN - #c.i.e.t.TargetBasedSdks - SDK target configuration data is absent
2023-02-14 17:52:54,059 [   4309]   WARN - #c.i.e.t.TargetBasedSdks - SDK target configuration data is absent
2023-02-14 17:52:54,062 [   4312]   WARN - #c.i.e.t.TargetBasedSdks - SDK target configuration data is absent
2023-02-14 17:52:54,066 [   4316]   WARN - #c.i.e.t.TargetBasedSdks - SDK target configuration data is absent
2023-02-14 17:52:57,501 [   7751]   WARN - #g.r.GitUntrackedFilesHolder - Ignoring unversioned file under another root: /home/jramos/Programacion/GITHUB_REPO_DIR/gecos2/gecos_analysis/__pycache__/gecos_outputgaussian.cpython-38.pyc; root: /home/jramos/Programacion/GITHUB_REPO_DIR/gecos2; mapped root: null
2023-02-14 17:52:57,502 [   7752]   WARN - #g.r.GitUntrackedFilesHolder - Ignoring unversioned file under another root: /home/jramos/Programacion/GITHUB_REPO_DIR/gecos2/gecos_analysis/__pycache__/gecos_closecontacts.cpython-38.pyc; root: /home/jramos/Programacion/GITHUB_REPO_DIR/gecos2; mapped root: null
2023-02-14 17:52:57,502 [   7752]   WARN - #g.r.GitUntrackedFilesHolder - Ignoring unversioned file under another root: /home/jramos/Programacion/GITHUB_REPO_DIR/gecos2/gecos_analysis/__pycache__/gecos_irspectra.cpython-38.pyc; root: /home/jramos/Programacion/GITHUB_REPO_DIR/gecos2; mapped root: null
2023-02-14 17:52:57,503 [   7753]   WARN - #g.r.GitUntrackedFilesHolder - Ignoring unversioned file under another root: /home/jramos/Programacion/GITHUB_REPO_DIR/gecos2/gecos_analysis/__pycache__/gecos_analysis.cpython-38.pyc; root: /home/jramos/Programacion/GITHUB_REPO_DIR/gecos2; mapped root: null
2023-02-14 17:52:57,504 [   7754]   WARN - #g.r.GitUntrackedFilesHolder - Ignoring unversioned file under another root: /home/jramos/Programacion/GITHUB_REPO_DIR/gecos2/gecos_analysis/__pycache__/gecos_exp_irspectra.cpython-38.pyc; root: /home/jramos/Programacion/GITHUB_REPO_DIR/gecos2; mapped root: null
2023-02-14 17:52:57,504 [   7754]   WARN - #g.r.GitUntrackedFilesHolder - Ignoring ignored file under another root: /home/jramos/Programacion/GITHUB_REPO_DIR/gecos2/gecos_gui/__pycache__/prop_conf_tab.cpython-38.pyc; root: /home/jramos/Programacion/GITHUB_REPO_DIR/gecos2; mapped root: null
2023-02-14 17:52:57,505 [   7755]   WARN - #g.r.GitUntrackedFilesHolder - Ignoring ignored file under another root: /home/jramos/Programacion/GITHUB_REPO_DIR/gecos2/utils/__pycache__/print_header.cpython-38.pyc; root: /home/jramos/Programacion/GITHUB_REPO_DIR/gecos2; mapped root: null
2023-02-14 17:52:57,505 [   7755]   WARN - #g.r.GitUntrackedFilesHolder - Ignoring ignored file under another root: /home/jramos/Programacion/GITHUB_REPO_DIR/gecos2/utils/__pycache__/atomic_data.cpython-38.pyc; root: /home/jramos/Programacion/GITHUB_REPO_DIR/gecos2; mapped root: null
2023-02-14 17:52:57,505 [   7755]   WARN - #g.r.GitUntrackedFilesHolder - Ignoring ignored file under another root: /home/jramos/Programacion/GITHUB_REPO_DIR/gecos2/gecos_gui/__pycache__/main_figure_layout.cpython-38.pyc; root: /home/jramos/Programacion/GITHUB_REPO_DIR/gecos2; mapped root: null
2023-02-14 17:52:57,505 [   7755]   WARN - #g.r.GitUntrackedFilesHolder - Ignoring ignored file under another root: /home/jramos/Programacion/GITHUB_REPO_DIR/gecos2/gecos_gui/__pycache__/events_open.cpython-38.pyc; root: /home/jramos/Programacion/GITHUB_REPO_DIR/gecos2; mapped root: null
2023-02-14 17:52:57,505 [   7755]   WARN - #g.r.GitUntrackedFilesHolder - Ignoring ignored file under another root: /home/jramos/Programacion/GITHUB_REPO_DIR/gecos2/utils/__pycache__/progress_bar.cpython-38.pyc; root: /home/jramos/Programacion/GITHUB_REPO_DIR/gecos2; mapped root: null
2023-02-14 17:52:57,505 [   7755]   WARN - #g.r.GitUntrackedFilesHolder - Ignoring ignored file under another root: /home/jramos/Programacion/GITHUB_REPO_DIR/gecos2/gecos/__pycache__/__init__.cpython-38.pyc; root: /home/jramos/Programacion/GITHUB_REPO_DIR/gecos2; mapped root: null
2023-02-14 17:52:57,505 [   7755]   WARN - #g.r.GitUntrackedFilesHolder - Ignoring ignored file under another root: /home/jramos/Programacion/GITHUB_REPO_DIR/gecos2/gecos/__pycache__/gecos_extract_neighbors.cpython-38.pyc; root: /home/jramos/Programacion/GITHUB_REPO_DIR/gecos2; mapped root: null
2023-02-14 17:52:57,506 [   7756]   WARN - #g.r.GitUntrackedFilesHolder - Ignoring ignored file under another root: /home/jramos/Programacion/GITHUB_REPO_DIR/gecos2/utils/__pycache__/ServerSlurm.cpython-38.pyc; root: /home/jramos/Programacion/GITHUB_REPO_DIR/gecos2; mapped root: null
2023-02-14 17:52:57,506 [   7756]   WARN - #g.r.GitUntrackedFilesHolder - Ignoring ignored files under another root: 30 files total
2023-02-14 17:52:58,216 [   8466]   WARN - #c.i.o.a.i.ActionUpdater - 558 ms to grab EDT for BackAction#update@MainToolbar (com.intellij.ide.actions.BackAction)
2023-02-14 17:52:58,250 [   8500]   WARN - #c.i.o.a.i.ActionUpdater - 453 ms to grab EDT for CWMTelephonyGroup#update@NavBarToolbar (com.jetbrains.rd.platform.codeWithMe.telephony.CWMTelephonyGroup)
2023-02-14 17:53:02,775 [  13025]   WARN - #c.j.p.s.s.PySkeletonRefresher - Some skeletons failed to generate
2023-02-14 17:53:02,776 [  13026]   WARN - #c.j.p.s.s.PySkeletonRefresher - Bio.PDB.QCPSuperimposer.qcprot
2023-02-14 17:53:02,776 [  13026]   WARN - #c.j.p.s.s.PySkeletonRefresher - Crypto.Cipher._ARC4
2023-02-14 17:53:02,776 [  13026]   WARN - #c.j.p.s.s.PySkeletonRefresher - Crypto.Cipher._Salsa20
2023-02-14 17:53:02,776 [  13026]   WARN - #c.j.p.s.s.PySkeletonRefresher - Crypto.Cipher._chacha20
2023-02-14 17:53:02,776 [  13026]   WARN - #c.j.p.s.s.PySkeletonRefresher - Crypto.Cipher._pkcs1_decode
2023-02-14 17:53:02,776 [  13026]   WARN - #c.j.p.s.s.PySkeletonRefresher - Crypto.Cipher._raw_aes
2023-02-14 17:53:02,776 [  13026]   WARN - #c.j.p.s.s.PySkeletonRefresher - Crypto.Cipher._raw_aesni
2023-02-14 17:53:02,776 [  13026]   WARN - #c.j.p.s.s.PySkeletonRefresher - Crypto.Cipher._raw_arc2
2023-02-14 17:53:02,776 [  13026]   WARN - #c.j.p.s.s.PySkeletonRefresher - Crypto.Cipher._raw_blowfish
2023-02-14 17:53:02,776 [  13026]   WARN - #c.j.p.s.s.PySkeletonRefresher - Crypto.Cipher._raw_cast
2023-02-14 17:53:02,776 [  13026]   WARN - #c.j.p.s.s.PySkeletonRefresher - Crypto.Cipher._raw_cbc
2023-02-14 17:53:02,776 [  13026]   WARN - #c.j.p.s.s.PySkeletonRefresher - Crypto.Cipher._raw_cfb
2023-02-14 17:53:02,776 [  13026]   WARN - #c.j.p.s.s.PySkeletonRefresher - Crypto.Cipher._raw_ctr
2023-02-14 17:53:02,776 [  13026]   WARN - #c.j.p.s.s.PySkeletonRefresher - Crypto.Cipher._raw_des
2023-02-14 17:53:02,776 [  13026]   WARN - #c.j.p.s.s.PySkeletonRefresher - Crypto.Cipher._raw_des3
2023-02-14 17:53:02,776 [  13026]   WARN - #c.j.p.s.s.PySkeletonRefresher - Crypto.Cipher._raw_ecb
2023-02-14 17:53:02,776 [  13026]   WARN - #c.j.p.s.s.PySkeletonRefresher - Crypto.Cipher._raw_eksblowfish
2023-02-14 17:53:02,776 [  13026]   WARN - #c.j.p.s.s.PySkeletonRefresher - Crypto.Cipher._raw_ocb
2023-02-14 17:53:02,776 [  13026]   WARN - #c.j.p.s.s.PySkeletonRefresher - Crypto.Cipher._raw_ofb
2023-02-14 17:53:02,776 [  13026]   WARN - #c.j.p.s.s.PySkeletonRefresher - Crypto.Hash._BLAKE2b
2023-02-14 17:53:02,776 [  13026]   WARN - #c.j.p.s.s.PySkeletonRefresher - Crypto.Hash._BLAKE2s
2023-02-14 17:53:02,776 [  13026]   WARN - #c.j.p.s.s.PySkeletonRefresher - Crypto.Hash._MD2
2023-02-14 17:53:02,776 [  13026]   WARN - #c.j.p.s.s.PySkeletonRefresher - Crypto.Hash._MD4
2023-02-14 17:53:02,776 [  13026]   WARN - #c.j.p.s.s.PySkeletonRefresher - Crypto.Hash._MD5
2023-02-14 17:53:02,776 [  13026]   WARN - #c.j.p.s.s.PySkeletonRefresher - Crypto.Hash._RIPEMD160
2023-02-14 17:53:02,776 [  13026]   WARN - #c.j.p.s.s.PySkeletonRefresher - Crypto.Hash._SHA1
2023-02-14 17:53:02,776 [  13026]   WARN - #c.j.p.s.s.PySkeletonRefresher - Crypto.Hash._SHA224
2023-02-14 17:53:02,776 [  13026]   WARN - #c.j.p.s.s.PySkeletonRefresher - Crypto.Hash._SHA256
2023-02-14 17:53:02,776 [  13026]   WARN - #c.j.p.s.s.PySkeletonRefresher - Crypto.Hash._SHA384
2023-02-14 17:53:02,776 [  13026]   WARN - #c.j.p.s.s.PySkeletonRefresher - Crypto.Hash._SHA512
2023-02-14 17:53:02,776 [  13026]   WARN - #c.j.p.s.s.PySkeletonRefresher - Crypto.Hash._ghash_clmul
2023-02-14 17:53:02,776 [  13026]   WARN - #c.j.p.s.s.PySkeletonRefresher - Crypto.Hash._ghash_portable
2023-02-14 17:53:02,776 [  13026]   WARN - #c.j.p.s.s.PySkeletonRefresher - Crypto.Hash._keccak
2023-02-14 17:53:02,776 [  13026]   WARN - #c.j.p.s.s.PySkeletonRefresher - Crypto.Hash._poly1305
2023-02-14 17:53:02,776 [  13026]   WARN - #c.j.p.s.s.PySkeletonRefresher - Crypto.Math._modexp
2023-02-14 17:53:02,777 [  13027]   WARN - #c.j.p.s.s.PySkeletonRefresher - Crypto.Protocol._scrypt
2023-02-14 17:53:02,777 [  13027]   WARN - #c.j.p.s.s.PySkeletonRefresher - Crypto.PublicKey._ec_ws
2023-02-14 17:53:02,777 [  13027]   WARN - #c.j.p.s.s.PySkeletonRefresher - Crypto.PublicKey._ed25519
2023-02-14 17:53:02,777 [  13027]   WARN - #c.j.p.s.s.PySkeletonRefresher - Crypto.PublicKey._ed448
2023-02-14 17:53:02,777 [  13027]   WARN - #c.j.p.s.s.PySkeletonRefresher - Crypto.PublicKey._x25519
2023-02-14 17:53:02,777 [  13027]   WARN - #c.j.p.s.s.PySkeletonRefresher - Crypto.Util._cpuid_c
2023-02-14 17:53:02,777 [  13027]   WARN - #c.j.p.s.s.PySkeletonRefresher - Crypto.Util._strxor
2023-02-14 17:53:02,777 [  13027]   WARN - #c.j.p.s.s.PySkeletonRefresher - debugpy._vendored.pydevd._pydevd_bundle.pydevd_cython
2023-02-14 17:53:02,777 [  13027]   WARN - #c.j.p.s.s.PySkeletonRefresher - debugpy._vendored.pydevd._pydevd_frame_eval.pydevd_frame_evaluator
2023-02-14 17:53:02,777 [  13027]   WARN - #c.j.p.s.s.PySkeletonRefresher - debugpy._vendored.pydevd.pydevd_attach_to_process.attach_linux_amd64
2023-02-14 18:07:39,356 [ 889606]   WARN - #c.i.u.x.Binding - no accessors for org.jetbrains.idea.perforce.perforce.ConnectionId
2023-02-14 18:07:40,989 [ 891239]   WARN - #c.j.p.r.PythonCommandLineState - Python interpreter flavor is not taken into account while initializing Python path
2023-02-14 18:28:26,185 [2136435]   WARN - #c.j.p.r.PythonCommandLineState - Python interpreter flavor is not taken into account while initializing Python path
2023-02-14 18:30:13,892 [2244142]   WARN - #c.j.p.r.PythonCommandLineState - Python interpreter flavor is not taken into account while initializing Python path
2023-02-14 18:31:14,329 [2304579]   WARN - #c.j.p.d.p.MultiProcessDebugger - Accept timed out
java.net.SocketTimeoutException: Accept timed out
	at java.base/sun.nio.ch.NioSocketImpl.timedAccept(NioSocketImpl.java:708)
	at java.base/sun.nio.ch.NioSocketImpl.accept(NioSocketImpl.java:752)
	at java.base/java.net.ServerSocket.implAccept(ServerSocket.java:675)
	at java.base/java.net.ServerSocket.platformImplAccept(ServerSocket.java:641)
	at java.base/java.net.ServerSocket.implAccept(ServerSocket.java:617)
	at java.base/java.net.ServerSocket.implAccept(ServerSocket.java:574)
	at java.base/java.net.ServerSocket.accept(ServerSocket.java:532)
	at com.jetbrains.python.debugger.pydev.transport.ServerModeDebuggerTransport.waitForConnect(ServerModeDebuggerTransport.java:39)
	at com.jetbrains.python.debugger.pydev.RemoteDebugger.waitForConnect(RemoteDebugger.java:118)
	at com.jetbrains.python.debugger.pydev.MultiProcessDebugger$DebuggerProcessAcceptor.run(MultiProcessDebugger.java:529)
	at com.intellij.openapi.application.impl.ApplicationImpl$1.run(ApplicationImpl.java:297)
	at java.base/java.util.concurrent.Executors$RunnableAdapter.call(Executors.java:539)
	at java.base/java.util.concurrent.FutureTask.run(FutureTask.java:264)
	at java.base/java.util.concurrent.ThreadPoolExecutor.runWorker(ThreadPoolExecutor.java:1136)
	at java.base/java.util.concurrent.ThreadPoolExecutor$Worker.run(ThreadPoolExecutor.java:635)
	at java.base/java.util.concurrent.Executors$PrivilegedThreadFactory$1$1.run(Executors.java:702)
	at java.base/java.util.concurrent.Executors$PrivilegedThreadFactory$1$1.run(Executors.java:699)
	at java.base/java.security.AccessController.doPrivileged(AccessController.java:399)
	at java.base/java.util.concurrent.Executors$PrivilegedThreadFactory$1.run(Executors.java:699)
	at java.base/java.lang.Thread.run(Thread.java:833)
2023-02-14 18:34:17,380 [2487630]   WARN - #c.j.p.d.p.MultiProcessDebugger - Socket closed
java.net.SocketException: Socket closed
	at java.base/sun.nio.ch.NioSocketImpl.endAccept(NioSocketImpl.java:689)
	at java.base/sun.nio.ch.NioSocketImpl.accept(NioSocketImpl.java:762)
	at java.base/java.net.ServerSocket.implAccept(ServerSocket.java:675)
	at java.base/java.net.ServerSocket.platformImplAccept(ServerSocket.java:641)
	at java.base/java.net.ServerSocket.implAccept(ServerSocket.java:617)
	at java.base/java.net.ServerSocket.implAccept(ServerSocket.java:574)
	at java.base/java.net.ServerSocket.accept(ServerSocket.java:532)
	at com.jetbrains.python.debugger.pydev.transport.ServerModeDebuggerTransport.waitForConnect(ServerModeDebuggerTransport.java:39)
	at com.jetbrains.python.debugger.pydev.RemoteDebugger.waitForConnect(RemoteDebugger.java:118)
	at com.jetbrains.python.debugger.pydev.MultiProcessDebugger$DebuggerProcessAcceptor.run(MultiProcessDebugger.java:529)
	at com.intellij.openapi.application.impl.ApplicationImpl$1.run(ApplicationImpl.java:297)
	at java.base/java.util.concurrent.Executors$RunnableAdapter.call(Executors.java:539)
	at java.base/java.util.concurrent.FutureTask.run(FutureTask.java:264)
	at java.base/java.util.concurrent.ThreadPoolExecutor.runWorker(ThreadPoolExecutor.java:1136)
	at java.base/java.util.concurrent.ThreadPoolExecutor$Worker.run(ThreadPoolExecutor.java:635)
	at java.base/java.util.concurrent.Executors$PrivilegedThreadFactory$1$1.run(Executors.java:702)
	at java.base/java.util.concurrent.Executors$PrivilegedThreadFactory$1$1.run(Executors.java:699)
	at java.base/java.security.AccessController.doPrivileged(AccessController.java:399)
	at java.base/java.util.concurrent.Executors$PrivilegedThreadFactory$1.run(Executors.java:699)
	at java.base/java.lang.Thread.run(Thread.java:833)
2023-02-14 18:34:17,456 [2487706]   WARN - #c.j.p.r.PythonCommandLineState - Python interpreter flavor is not taken into account while initializing Python path
2023-02-14 18:41:40,327 [2930577]   WARN - #c.j.p.r.PythonCommandLineState - Python interpreter flavor is not taken into account while initializing Python path
2023-02-14 18:42:00,061 [2950311]   WARN - #c.j.p.r.PythonCommandLineState - Python interpreter flavor is not taken into account while initializing Python path
2023-02-14 18:43:44,680 [3054930]   WARN - #c.j.p.r.PythonCommandLineState - Python interpreter flavor is not taken into account while initializing Python path
2023-02-14 18:44:39,954 [3110204]   WARN - #c.j.p.r.PythonCommandLineState - Python interpreter flavor is not taken into account while initializing Python path
2023-02-14 18:45:43,664 [3173914]   WARN - #c.j.p.r.PythonCommandLineState - Python interpreter flavor is not taken into account while initializing Python path
2023-02-14 18:46:07,909 [3198159]   WARN - #c.j.p.r.PythonCommandLineState - Python interpreter flavor is not taken into account while initializing Python path
2023-02-14 19:04:03,671 [4273921]   WARN - #c.j.p.r.PythonCommandLineState - Python interpreter flavor is not taken into account while initializing Python path
2023-02-14 19:07:58,814 [4509064]   WARN - #c.j.p.r.PythonCommandLineState - Python interpreter flavor is not taken into account while initializing Python path
2023-02-14 19:09:58,819 [4629069]   WARN - #c.i.e.p.BaseOSProcessHandler - Process hasn't generated any output for a long time.
If it's a long-running mostly idle daemon process, consider overriding OSProcessHandler#readerOptions with 'BaseOutputReader.Options.forMostlySilentProcess()' to reduce CPU usage.
Command line: /home/jramos/Programacion/sandboxes/sandbox_gaussum/bin/python /home/jramos/Programacion/GITHUB_OTHERS/GaussSum-3.0.2/GaussSum.py 
java.lang.Throwable: Process creation:
	at com.intellij.execution.process.BaseOSProcessHandler.<init>(BaseOSProcessHandler.java:33)
	at com.intellij.execution.process.OSProcessHandler.<init>(OSProcessHandler.java:84)
	at com.intellij.execution.process.KillableProcessHandler.<init>(KillableProcessHandler.java:77)
	at com.intellij.execution.process.ColoredProcessHandler.<init>(ColoredProcessHandler.java:51)
	at com.intellij.execution.process.KillableColoredProcessHandler.<init>(KillableColoredProcessHandler.java:60)
	at com.intellij.execution.process.KillableColoredProcessHandler.<init>(KillableColoredProcessHandler.java:50)
	at com.jetbrains.python.run.PythonProcessHandler.<init>(PythonProcessHandler.java:23)
	at com.jetbrains.python.run.PythonCommandLineState.doCreateProcess(PythonCommandLineState.java:487)
	at com.jetbrains.python.run.PythonCommandLineState.doStartProcess(PythonCommandLineState.java:412)
	at com.jetbrains.python.run.PythonCommandLineState.startProcess(PythonCommandLineState.java:347)
	at com.jetbrains.python.run.PythonCommandLineState.execute(PythonCommandLineState.java:230)
	at com.jetbrains.python.run.PythonScriptCommandLineState.execute(PythonScriptCommandLineState.java:146)
	at com.jetbrains.python.run.PythonCommandLineState.execute(PythonCommandLineState.java:176)
	at com.jetbrains.python.run.PythonRunner.lambda$execute$1(PythonRunner.java:63)
	at java.base/java.util.concurrent.ThreadPoolExecutor.runWorker(ThreadPoolExecutor.java:1136)
	at java.base/java.util.concurrent.ThreadPoolExecutor$Worker.run(ThreadPoolExecutor.java:635)
	at java.base/java.util.concurrent.Executors$PrivilegedThreadFactory$1$1.run(Executors.java:702)
	at java.base/java.util.concurrent.Executors$PrivilegedThreadFactory$1$1.run(Executors.java:699)
	at java.base/java.security.AccessController.doPrivileged(AccessController.java:399)
	at java.base/java.util.concurrent.Executors$PrivilegedThreadFactory$1.run(Executors.java:699)
	at java.base/java.lang.Thread.run(Thread.java:833)
2023-02-14 19:11:15,680 [4705930]   WARN - #c.j.p.r.PythonCommandLineState - Python interpreter flavor is not taken into account while initializing Python path
2023-02-14 19:11:50,013 [4740263]   WARN - #c.j.p.r.PythonCommandLineState - Python interpreter flavor is not taken into account while initializing Python path
2023-02-14 19:15:46,201 [4976451]   WARN - #c.j.p.r.PythonCommandLineState - Python interpreter flavor is not taken into account while initializing Python path
2023-02-14 19:19:37,481 [5207731]   WARN - #c.j.p.r.PythonCommandLineState - Python interpreter flavor is not taken into account while initializing Python path
2023-02-14 19:21:04,995 [5295245]   WARN - #c.j.p.r.PythonCommandLineState - Python interpreter flavor is not taken into account while initializing Python path
2023-02-14 19:23:02,993 [5413243] SEVERE - #c.j.p.d.c.PyDataViewerPanel - Error resolving array: Traceback (most recent call last):
  File "/opt/jetbrains/pycharm-2022.2/plugins/python/helpers/pydev/_pydevd_bundle/pydevd_comm.py", line 1291, in do_it
    xml = pydevd_vars.table_like_struct_to_xml(var, self.name, self.roffset, self.coffset, self.rows, self.cols, self.format)
  File "/opt/jetbrains/pycharm-2022.2/plugins/python/helpers/pydev/_pydevd_bundle/pydevd_vars.py", line 809, in table_like_struct_to_xml
    raise VariableError("type %s not supported" % type_name)
_pydevd_bundle.pydevd_vars.VariableError: type ExceptionOnEvaluate not supported
com.jetbrains.python.debugger.PyDebuggerException: Error resolving array: Traceback (most recent call last):
  File "/opt/jetbrains/pycharm-2022.2/plugins/python/helpers/pydev/_pydevd_bundle/pydevd_comm.py", line 1291, in do_it
    xml = pydevd_vars.table_like_struct_to_xml(var, self.name, self.roffset, self.coffset, self.rows, self.cols, self.format)
  File "/opt/jetbrains/pycharm-2022.2/plugins/python/helpers/pydev/_pydevd_bundle/pydevd_vars.py", line 809, in table_like_struct_to_xml
    raise VariableError("type %s not supported" % type_name)
_pydevd_bundle.pydevd_vars.VariableError: type ExceptionOnEvaluate not supported
	at com.jetbrains.python.debugger.pydev.GetArrayCommand.processResponse(GetArrayCommand.java:56)
	at com.jetbrains.python.debugger.pydev.AbstractCommand.execute(AbstractCommand.java:166)
	at com.jetbrains.python.debugger.pydev.RemoteDebugger.executeCommand(RemoteDebugger.java:794)
	at com.jetbrains.python.debugger.pydev.RemoteDebugger.loadArrayItems(RemoteDebugger.java:203)
	at com.jetbrains.python.debugger.pydev.MultiProcessDebugger.loadArrayItems(MultiProcessDebugger.java:246)
	at com.jetbrains.python.debugger.PyDebugProcess.getArrayItems(PyDebugProcess.java:979)
	at com.jetbrains.python.debugger.containerview.PyDataViewerPanel.lambda$apply$5(PyDataViewerPanel.java:203)
	at com.intellij.openapi.application.impl.ApplicationImpl$1.run(ApplicationImpl.java:297)
	at java.base/java.util.concurrent.Executors$RunnableAdapter.call(Executors.java:539)
	at java.base/java.util.concurrent.FutureTask.run(FutureTask.java:264)
	at java.base/java.util.concurrent.ThreadPoolExecutor.runWorker(ThreadPoolExecutor.java:1136)
	at java.base/java.util.concurrent.ThreadPoolExecutor$Worker.run(ThreadPoolExecutor.java:635)
	at java.base/java.util.concurrent.Executors$PrivilegedThreadFactory$1$1.run(Executors.java:702)
	at java.base/java.util.concurrent.Executors$PrivilegedThreadFactory$1$1.run(Executors.java:699)
	at java.base/java.security.AccessController.doPrivileged(AccessController.java:399)
	at java.base/java.util.concurrent.Executors$PrivilegedThreadFactory$1.run(Executors.java:699)
	at java.base/java.lang.Thread.run(Thread.java:833)
2023-02-14 19:23:02,994 [5413244] SEVERE - #c.j.p.d.c.PyDataViewerPanel - PyCharm 2022.2  Build #PY-222.3345.131
2023-02-14 19:23:02,994 [5413244] SEVERE - #c.j.p.d.c.PyDataViewerPanel - JDK: 17.0.3; VM: OpenJDK 64-Bit Server VM; Vendor: JetBrains s.r.o.
2023-02-14 19:23:02,994 [5413244] SEVERE - #c.j.p.d.c.PyDataViewerPanel - OS: Linux
2023-02-14 19:30:44,662 [5874912]   WARN - #c.j.p.r.PythonCommandLineState - Python interpreter flavor is not taken into account while initializing Python path
2023-02-14 19:31:26,704 [5916954]   WARN - #c.j.p.r.PythonCommandLineState - Python interpreter flavor is not taken into account while initializing Python path
2023-02-14 19:31:32,763 [5923013]   WARN - #c.j.p.r.PythonCommandLineState - Python interpreter flavor is not taken into account while initializing Python path
2023-02-14 19:32:03,332 [5953582]   WARN - #c.j.p.r.PythonCommandLineState - Python interpreter flavor is not taken into account while initializing Python path
2023-02-14 19:32:55,527 [6005777]   WARN - #c.j.p.r.PythonCommandLineState - Python interpreter flavor is not taken into account while initializing Python path
2023-02-14 19:41:26,270 [6516520]   WARN - #c.j.p.r.PythonCommandLineState - Python interpreter flavor is not taken into account while initializing Python path
2023-02-14 19:42:14,690 [6564940]   WARN - #c.j.p.r.PythonCommandLineState - Python interpreter flavor is not taken into account while initializing Python path
2023-02-16 10:23:01,652 [145811902]   WARN - #c.i.i.IdeEventQueue - System clock's jumped back by ~1 sec
2023-02-18 12:50:59,467 [327489717]   WARN - #c.i.i.IdeEventQueue - System clock's jumped back by ~6 sec
2023-02-18 17:02:41,756 [342592006]   WARN - #g.r.GitUntrackedFilesHolder - Ignoring ignored file under another root: /home/jramos/Programacion/GITHUB_REPO_DIR/replicate_polymer_topology/replicate_polymer_lib/__pycache__/typing_molecule.cpython-38.pyc; root: /home/jramos/Programacion/GITHUB_REPO_DIR/replicate_polymer_topology; mapped root: null
2023-02-18 17:02:41,756 [342592006]   WARN - #g.r.GitUntrackedFilesHolder - Ignoring ignored file under another root: /home/jramos/Programacion/GITHUB_REPO_DIR/replicate_polymer_topology/replicate_polymer_lib/__pycache__/__init__.cpython-38.pyc; root: /home/jramos/Programacion/GITHUB_REPO_DIR/replicate_polymer_topology; mapped root: null
2023-02-18 17:02:41,756 [342592006]   WARN - #g.r.GitUntrackedFilesHolder - Ignoring ignored file under another root: /home/jramos/Programacion/GITHUB_REPO_DIR/replicate_polymer_topology/create_lammps_from_gromacs_lib/__pycache__/parse_arguments.cpython-38.pyc; root: /home/jramos/Programacion/GITHUB_REPO_DIR/replicate_polymer_topology; mapped root: null
2023-02-18 17:02:41,756 [342592006]   WARN - #g.r.GitUntrackedFilesHolder - Ignoring ignored file under another root: /home/jramos/Programacion/GITHUB_REPO_DIR/replicate_polymer_topology/replicate_polymer_lib/forcefield/__pycache__/atomtyper.cpython-38.pyc; root: /home/jramos/Programacion/GITHUB_REPO_DIR/replicate_polymer_topology; mapped root: null
2023-02-18 17:02:41,756 [342592006]   WARN - #g.r.GitUntrackedFilesHolder - Ignoring ignored file under another root: /home/jramos/Programacion/GITHUB_REPO_DIR/replicate_polymer_topology/replicate_polymer_lib/forcefield/__pycache__/element.cpython-38.pyc; root: /home/jramos/Programacion/GITHUB_REPO_DIR/replicate_polymer_topology; mapped root: null
2023-02-18 17:02:41,756 [342592006]   WARN - #g.r.GitUntrackedFilesHolder - Ignoring ignored file under another root: /home/jramos/Programacion/GITHUB_REPO_DIR/replicate_polymer_topology/create_lammps_from_gromacs_lib/__pycache__/__init__.cpython-38.pyc; root: /home/jramos/Programacion/GITHUB_REPO_DIR/replicate_polymer_topology; mapped root: null
2023-02-18 17:02:41,757 [342592007]   WARN - #g.r.GitUntrackedFilesHolder - Ignoring ignored file under another root: /home/jramos/Programacion/GITHUB_REPO_DIR/replicate_polymer_topology/replicate_polymer_lib/forcefield/__pycache__/topology_graph.cpython-38.pyc; root: /home/jramos/Programacion/GITHUB_REPO_DIR/replicate_polymer_topology; mapped root: null
2023-02-18 17:02:41,757 [342592007]   WARN - #g.r.GitUntrackedFilesHolder - Ignoring ignored file under another root: /home/jramos/Programacion/GITHUB_REPO_DIR/replicate_polymer_topology/replicate_polymer_lib/__pycache__/remove_hydrogens.cpython-38.pyc; root: /home/jramos/Programacion/GITHUB_REPO_DIR/replicate_polymer_topology; mapped root: null
2023-02-18 17:02:41,757 [342592007]   WARN - #g.r.GitUntrackedFilesHolder - Ignoring ignored file under another root: /home/jramos/Programacion/GITHUB_REPO_DIR/replicate_polymer_topology/replicate_polymer_lib/forcefield/__pycache__/periodic_table.cpython-38.pyc; root: /home/jramos/Programacion/GITHUB_REPO_DIR/replicate_polymer_topology; mapped root: null
2023-02-18 17:02:41,757 [342592007]   WARN - #g.r.GitUntrackedFilesHolder - Ignoring ignored files under another root: 27 files total
2023-02-18 17:02:52,704 [342602954]   WARN - #c.j.p.s.s.PySkeletonRefresher - Some skeletons failed to generate
2023-02-18 17:02:52,704 [342602954]   WARN - #c.j.p.s.s.PySkeletonRefresher - Bio.PDB.QCPSuperimposer.qcprot
2023-02-18 17:02:52,704 [342602954]   WARN - #c.j.p.s.s.PySkeletonRefresher - pydantic.__init__
2023-02-18 17:02:52,705 [342602955]   WARN - #c.j.p.s.s.PySkeletonRefresher - pydantic._hypothesis_plugin
2023-02-18 17:02:52,705 [342602955]   WARN - #c.j.p.s.s.PySkeletonRefresher - pydantic.mypy
2023-02-18 17:02:52,705 [342602955]   WARN - #c.j.p.s.s.PySkeletonRefresher - scipy.optimize._lsap_
2023-02-18 17:04:25,964 [342696214]   WARN - #c.j.p.r.PythonCommandLineState - Python interpreter flavor is not taken into account while initializing Python path
2023-02-18 17:06:32,684 [342822934]   WARN - #c.j.p.r.PythonCommandLineState - Python interpreter flavor is not taken into account while initializing Python path
2023-02-18 17:07:42,930 [342893180]   WARN - #c.j.p.r.PythonCommandLineState - Python interpreter flavor is not taken into account while initializing Python path
2023-02-18 18:25:48,385 [347578635]   WARN - #c.j.p.d.p.MultiProcessDebugger - Socket closed
java.net.SocketException: Socket closed
	at java.base/sun.nio.ch.NioSocketImpl.endAccept(NioSocketImpl.java:689)
	at java.base/sun.nio.ch.NioSocketImpl.accept(NioSocketImpl.java:762)
	at java.base/java.net.ServerSocket.implAccept(ServerSocket.java:675)
	at java.base/java.net.ServerSocket.platformImplAccept(ServerSocket.java:641)
	at java.base/java.net.ServerSocket.implAccept(ServerSocket.java:617)
	at java.base/java.net.ServerSocket.implAccept(ServerSocket.java:574)
	at java.base/java.net.ServerSocket.accept(ServerSocket.java:532)
	at com.jetbrains.python.debugger.pydev.transport.ServerModeDebuggerTransport.waitForConnect(ServerModeDebuggerTransport.java:39)
	at com.jetbrains.python.debugger.pydev.RemoteDebugger.waitForConnect(RemoteDebugger.java:118)
	at com.jetbrains.python.debugger.pydev.MultiProcessDebugger$DebuggerProcessAcceptor.run(MultiProcessDebugger.java:529)
	at com.intellij.openapi.application.impl.ApplicationImpl$1.run(ApplicationImpl.java:297)
	at java.base/java.util.concurrent.Executors$RunnableAdapter.call(Executors.java:539)
	at java.base/java.util.concurrent.FutureTask.run(FutureTask.java:264)
	at java.base/java.util.concurrent.ThreadPoolExecutor.runWorker(ThreadPoolExecutor.java:1136)
	at java.base/java.util.concurrent.ThreadPoolExecutor$Worker.run(ThreadPoolExecutor.java:635)
	at java.base/java.util.concurrent.Executors$PrivilegedThreadFactory$1$1.run(Executors.java:702)
	at java.base/java.util.concurrent.Executors$PrivilegedThreadFactory$1$1.run(Executors.java:699)
	at java.base/java.security.AccessController.doPrivileged(AccessController.java:399)
	at java.base/java.util.concurrent.Executors$PrivilegedThreadFactory$1.run(Executors.java:699)
	at java.base/java.lang.Thread.run(Thread.java:833)
2023-02-18 18:25:48,441 [347578691]   WARN - #c.j.p.r.PythonCommandLineState - Python interpreter flavor is not taken into account while initializing Python path
2023-02-18 18:46:33,700 [348823950]   WARN - #g.r.GitUntrackedFilesHolder - Ignoring ignored file under another root: /home/jramos/Programacion/GITHUB_REPO_DIR/replicate_polymer_topology/replicate_polymer_lib/__pycache__/typing_molecule.cpython-38.pyc; root: /home/jramos/Programacion/GITHUB_REPO_DIR/replicate_polymer_topology; mapped root: null
2023-02-18 18:46:33,700 [348823950]   WARN - #g.r.GitUntrackedFilesHolder - Ignoring ignored file under another root: /home/jramos/Programacion/GITHUB_REPO_DIR/replicate_polymer_topology/replicate_polymer_lib/__pycache__/__init__.cpython-38.pyc; root: /home/jramos/Programacion/GITHUB_REPO_DIR/replicate_polymer_topology; mapped root: null
2023-02-18 18:46:33,700 [348823950]   WARN - #g.r.GitUntrackedFilesHolder - Ignoring ignored file under another root: /home/jramos/Programacion/GITHUB_REPO_DIR/replicate_polymer_topology/create_lammps_from_gromacs_lib/__pycache__/parse_arguments.cpython-38.pyc; root: /home/jramos/Programacion/GITHUB_REPO_DIR/replicate_polymer_topology; mapped root: null
2023-02-18 18:46:33,700 [348823950]   WARN - #g.r.GitUntrackedFilesHolder - Ignoring ignored file under another root: /home/jramos/Programacion/GITHUB_REPO_DIR/replicate_polymer_topology/replicate_polymer_lib/forcefield/__pycache__/atomtyper.cpython-38.pyc; root: /home/jramos/Programacion/GITHUB_REPO_DIR/replicate_polymer_topology; mapped root: null
2023-02-18 18:46:33,700 [348823950]   WARN - #g.r.GitUntrackedFilesHolder - Ignoring ignored file under another root: /home/jramos/Programacion/GITHUB_REPO_DIR/replicate_polymer_topology/replicate_polymer_lib/forcefield/__pycache__/element.cpython-38.pyc; root: /home/jramos/Programacion/GITHUB_REPO_DIR/replicate_polymer_topology; mapped root: null
2023-02-18 18:46:33,700 [348823950]   WARN - #g.r.GitUntrackedFilesHolder - Ignoring ignored file under another root: /home/jramos/Programacion/GITHUB_REPO_DIR/replicate_polymer_topology/create_lammps_from_gromacs_lib/__pycache__/__init__.cpython-38.pyc; root: /home/jramos/Programacion/GITHUB_REPO_DIR/replicate_polymer_topology; mapped root: null
2023-02-18 18:46:33,700 [348823950]   WARN - #g.r.GitUntrackedFilesHolder - Ignoring ignored file under another root: /home/jramos/Programacion/GITHUB_REPO_DIR/replicate_polymer_topology/replicate_polymer_lib/forcefield/__pycache__/topology_graph.cpython-38.pyc; root: /home/jramos/Programacion/GITHUB_REPO_DIR/replicate_polymer_topology; mapped root: null
2023-02-18 18:46:33,700 [348823950]   WARN - #g.r.GitUntrackedFilesHolder - Ignoring ignored file under another root: /home/jramos/Programacion/GITHUB_REPO_DIR/replicate_polymer_topology/replicate_polymer_lib/__pycache__/remove_hydrogens.cpython-38.pyc; root: /home/jramos/Programacion/GITHUB_REPO_DIR/replicate_polymer_topology; mapped root: null
2023-02-18 18:46:33,700 [348823950]   WARN - #g.r.GitUntrackedFilesHolder - Ignoring ignored file under another root: /home/jramos/Programacion/GITHUB_REPO_DIR/replicate_polymer_topology/replicate_polymer_lib/forcefield/__pycache__/periodic_table.cpython-38.pyc; root: /home/jramos/Programacion/GITHUB_REPO_DIR/replicate_polymer_topology; mapped root: null
2023-02-18 18:46:33,700 [348823950]   WARN - #g.r.GitUntrackedFilesHolder - Ignoring ignored files under another root: 27 files total
2023-02-18 18:46:39,099 [348829349]   WARN - #c.j.p.s.s.PySkeletonRefresher - Some skeletons failed to generate
2023-02-18 18:46:39,099 [348829349]   WARN - #c.j.p.s.s.PySkeletonRefresher - Bio.PDB.QCPSuperimposer.qcprot
2023-02-18 18:46:39,099 [348829349]   WARN - #c.j.p.s.s.PySkeletonRefresher - pydantic.__init__
2023-02-18 18:46:39,099 [348829349]   WARN - #c.j.p.s.s.PySkeletonRefresher - pydantic._hypothesis_plugin
2023-02-18 18:46:39,099 [348829349]   WARN - #c.j.p.s.s.PySkeletonRefresher - pydantic.mypy
2023-02-18 18:46:39,099 [348829349]   WARN - #c.j.p.s.s.PySkeletonRefresher - scipy.optimize._lsap_
2023-02-18 18:48:50,951 [348961201]   WARN - #c.j.p.r.PythonCommandLineState - Python interpreter flavor is not taken into account while initializing Python path
2023-02-18 22:00:24,965 [360455215]   WARN - #c.i.o.v.i.l.NativeFileWatcherImpl - table error: collision at 31161 (new /home/jramos/Programacion/sandboxes/sandbox_common/lib/python3.8/site-packages/~ip-22.3.1.dist-info, existing /home/jramos/Programacion/sandboxes/sandbox_common/lib/python3.8/site-packages/pip-22.3.1.dist-info)
2023-02-18 22:00:24,990 [360455240]   WARN - #c.i.o.v.i.l.NativeFileWatcherImpl - Watcher terminated with exit code 3
2023-02-18 22:26:42,617 [362032867]   WARN - #c.j.p.s.s.PySkeletonRefresher - Some skeletons failed to generate
2023-02-18 22:26:42,617 [362032867]   WARN - #c.j.p.s.s.PySkeletonRefresher - Bio.PDB.QCPSuperimposer.qcprot
2023-02-18 22:26:42,617 [362032867]   WARN - #c.j.p.s.s.PySkeletonRefresher - pydantic.__init__
2023-02-18 22:26:42,617 [362032867]   WARN - #c.j.p.s.s.PySkeletonRefresher - pydantic._hypothesis_plugin
2023-02-18 22:26:42,617 [362032867]   WARN - #c.j.p.s.s.PySkeletonRefresher - pydantic.mypy
2023-02-18 22:26:42,617 [362032867]   WARN - #c.j.p.s.s.PySkeletonRefresher - scipy.optimize._lsap_
2023-02-18 22:26:49,670 [362039920]   WARN - #g.r.GitUntrackedFilesHolder - Ignoring ignored file under another root: /home/jramos/Programacion/GITHUB_REPO_DIR/topology/test/Test-Topology/__pycache__/test_topology.cpython-38.pyc; root: /home/jramos/Programacion/GITHUB_REPO_DIR/topology; mapped root: null
2023-02-18 22:26:49,670 [362039920]   WARN - #g.r.GitUntrackedFilesHolder - Ignoring ignored file under another root: /home/jramos/Programacion/GITHUB_REPO_DIR/topology/topology/readmol/__pycache__/__init__.cpython-38.pyc; root: /home/jramos/Programacion/GITHUB_REPO_DIR/topology; mapped root: null
2023-02-18 22:26:49,670 [362039920]   WARN - #g.r.GitUntrackedFilesHolder - Ignoring ignored file under another root: /home/jramos/Programacion/GITHUB_REPO_DIR/topology/test/Test-ReadMol2/__pycache__/Test_readmol2.cpython-38.pyc; root: /home/jramos/Programacion/GITHUB_REPO_DIR/topology; mapped root: null
2023-02-18 22:26:49,670 [362039920]   WARN - #g.r.GitUntrackedFilesHolder - Ignoring ignored file under another root: /home/jramos/Programacion/GITHUB_REPO_DIR/topology/topology/__pycache__/atomic_data.cpython-38.pyc; root: /home/jramos/Programacion/GITHUB_REPO_DIR/topology; mapped root: null
2023-02-18 22:26:49,670 [362039920]   WARN - #g.r.GitUntrackedFilesHolder - Ignoring ignored file under another root: /home/jramos/Programacion/GITHUB_REPO_DIR/topology/thirdparty/openbabel; root: /home/jramos/Programacion/GITHUB_REPO_DIR/topology; mapped root: /home/jramos/Programacion/GITHUB_REPO_DIR/topology/thirdparty/openbabel
2023-02-18 22:26:49,670 [362039920]   WARN - #g.r.GitUntrackedFilesHolder - Ignoring ignored file under another root: /home/jramos/Programacion/GITHUB_REPO_DIR/topology/topology/readmol/__pycache__/readdataLAMMPSformat.cpython-38.pyc; root: /home/jramos/Programacion/GITHUB_REPO_DIR/topology; mapped root: null
2023-02-18 22:26:49,670 [362039920]   WARN - #g.r.GitUntrackedFilesHolder - Ignoring ignored file under another root: /home/jramos/Programacion/GITHUB_REPO_DIR/topology/test/Test-Segment/__pycache__/test_Segment.cpython-38.pyc; root: /home/jramos/Programacion/GITHUB_REPO_DIR/topology; mapped root: null
2023-02-18 22:26:49,670 [362039920]   WARN - #g.r.GitUntrackedFilesHolder - Ignoring ignored file under another root: /home/jramos/Programacion/GITHUB_REPO_DIR/topology/test/Test-indigo/__pycache__/test_indigo.cpython-38.pyc; root: /home/jramos/Programacion/GITHUB_REPO_DIR/topology; mapped root: null
2023-02-18 22:26:49,670 [362039920]   WARN - #g.r.GitUntrackedFilesHolder - Ignoring ignored file under another root: /home/jramos/Programacion/GITHUB_REPO_DIR/topology/topology/readmol/__pycache__/readxsdformat.cpython-38.pyc; root: /home/jramos/Programacion/GITHUB_REPO_DIR/topology; mapped root: null
2023-02-18 22:26:49,670 [362039920]   WARN - #g.r.GitUntrackedFilesHolder - Ignoring ignored files under another root: 28 files total
2023-02-18 22:27:02,617 [362052867]   WARN - #c.j.p.s.s.PySkeletonRefresher - Some skeletons failed to generate
2023-02-18 22:27:02,617 [362052867]   WARN - #c.j.p.s.s.PySkeletonRefresher - Bio.PDB.QCPSuperimposer.qcprot
2023-02-18 22:27:02,617 [362052867]   WARN - #c.j.p.s.s.PySkeletonRefresher - pydantic.__init__
2023-02-18 22:27:02,617 [362052867]   WARN - #c.j.p.s.s.PySkeletonRefresher - pydantic._hypothesis_plugin
2023-02-18 22:27:02,617 [362052867]   WARN - #c.j.p.s.s.PySkeletonRefresher - pydantic.mypy
2023-02-18 22:27:02,617 [362052867]   WARN - #c.j.p.s.s.PySkeletonRefresher - scipy.optimize._lsap_
2023-02-18 22:29:28,420 [362198670]   WARN - #c.j.p.r.PythonCommandLineState - Python interpreter flavor is not taken into account while initializing Python path
2023-02-18 22:29:29,274 [362199524]   WARN - #c.i.o.a.i.ActionUpdater - 552 ms to grab EDT for CWMTelephonyGroup#update@NavBarToolbar (com.jetbrains.rd.platform.codeWithMe.telephony.CWMTelephonyGroup)
2023-02-18 22:30:16,675 [362246925]   WARN - #c.j.p.r.PythonCommandLineState - Python interpreter flavor is not taken into account while initializing Python path
2023-02-18 22:30:57,624 [362287874]   WARN - #c.i.o.a.i.ActionUpdater - 201 ms to grab EDT for FakeRerunAction#update@DebuggerToolbar (com.intellij.execution.runners.FakeRerunAction)
2023-02-18 22:34:30,352 [362500602]   WARN - #c.j.p.r.PythonCommandLineState - Python interpreter flavor is not taken into account while initializing Python path
2023-02-18 22:48:17,398 [363327648]   WARN - #g.r.GitUntrackedFilesHolder - Ignoring ignored file under another root: /home/jramos/Programacion/GITHUB_REPO_DIR/replicate_polymer_topology/replicate_polymer_lib/__pycache__/typing_molecule.cpython-38.pyc; root: /home/jramos/Programacion/GITHUB_REPO_DIR/replicate_polymer_topology; mapped root: null
2023-02-18 22:48:17,399 [363327649]   WARN - #g.r.GitUntrackedFilesHolder - Ignoring ignored file under another root: /home/jramos/Programacion/GITHUB_REPO_DIR/replicate_polymer_topology/replicate_polymer_lib/__pycache__/__init__.cpython-38.pyc; root: /home/jramos/Programacion/GITHUB_REPO_DIR/replicate_polymer_topology; mapped root: null
2023-02-18 22:48:17,399 [363327649]   WARN - #g.r.GitUntrackedFilesHolder - Ignoring ignored file under another root: /home/jramos/Programacion/GITHUB_REPO_DIR/replicate_polymer_topology/create_lammps_from_gromacs_lib/__pycache__/parse_arguments.cpython-38.pyc; root: /home/jramos/Programacion/GITHUB_REPO_DIR/replicate_polymer_topology; mapped root: null
2023-02-18 22:48:17,399 [363327649]   WARN - #g.r.GitUntrackedFilesHolder - Ignoring ignored file under another root: /home/jramos/Programacion/GITHUB_REPO_DIR/replicate_polymer_topology/replicate_polymer_lib/forcefield/__pycache__/atomtyper.cpython-38.pyc; root: /home/jramos/Programacion/GITHUB_REPO_DIR/replicate_polymer_topology; mapped root: null
2023-02-18 22:48:17,399 [363327649]   WARN - #g.r.GitUntrackedFilesHolder - Ignoring ignored file under another root: /home/jramos/Programacion/GITHUB_REPO_DIR/replicate_polymer_topology/replicate_polymer_lib/forcefield/__pycache__/element.cpython-38.pyc; root: /home/jramos/Programacion/GITHUB_REPO_DIR/replicate_polymer_topology; mapped root: null
2023-02-18 22:48:17,399 [363327649]   WARN - #g.r.GitUntrackedFilesHolder - Ignoring ignored file under another root: /home/jramos/Programacion/GITHUB_REPO_DIR/replicate_polymer_topology/create_lammps_from_gromacs_lib/__pycache__/__init__.cpython-38.pyc; root: /home/jramos/Programacion/GITHUB_REPO_DIR/replicate_polymer_topology; mapped root: null
2023-02-18 22:48:17,399 [363327649]   WARN - #g.r.GitUntrackedFilesHolder - Ignoring ignored file under another root: /home/jramos/Programacion/GITHUB_REPO_DIR/replicate_polymer_topology/replicate_polymer_lib/forcefield/__pycache__/topology_graph.cpython-38.pyc; root: /home/jramos/Programacion/GITHUB_REPO_DIR/replicate_polymer_topology; mapped root: null
2023-02-18 22:48:17,399 [363327649]   WARN - #g.r.GitUntrackedFilesHolder - Ignoring ignored file under another root: /home/jramos/Programacion/GITHUB_REPO_DIR/replicate_polymer_topology/replicate_polymer_lib/__pycache__/remove_hydrogens.cpython-38.pyc; root: /home/jramos/Programacion/GITHUB_REPO_DIR/replicate_polymer_topology; mapped root: null
2023-02-18 22:48:17,399 [363327649]   WARN - #g.r.GitUntrackedFilesHolder - Ignoring ignored file under another root: /home/jramos/Programacion/GITHUB_REPO_DIR/replicate_polymer_topology/replicate_polymer_lib/forcefield/__pycache__/periodic_table.cpython-38.pyc; root: /home/jramos/Programacion/GITHUB_REPO_DIR/replicate_polymer_topology; mapped root: null
2023-02-18 22:48:17,399 [363327649]   WARN - #g.r.GitUntrackedFilesHolder - Ignoring ignored files under another root: 27 files total
2023-02-18 22:48:24,070 [363334320]   WARN - #c.j.p.s.s.PySkeletonRefresher - Some skeletons failed to generate
2023-02-18 22:48:24,071 [363334321]   WARN - #c.j.p.s.s.PySkeletonRefresher - Bio.PDB.QCPSuperimposer.qcprot
2023-02-18 22:48:24,071 [363334321]   WARN - #c.j.p.s.s.PySkeletonRefresher - pydantic.__init__
2023-02-18 22:48:24,071 [363334321]   WARN - #c.j.p.s.s.PySkeletonRefresher - pydantic._hypothesis_plugin
2023-02-18 22:48:24,071 [363334321]   WARN - #c.j.p.s.s.PySkeletonRefresher - pydantic.mypy
2023-02-18 22:48:24,071 [363334321]   WARN - #c.j.p.s.s.PySkeletonRefresher - scipy.optimize._lsap_
2023-02-18 22:52:34,916 [363585166]   WARN - #c.j.p.r.PythonCommandLineState - Python interpreter flavor is not taken into account while initializing Python path
2023-02-18 22:52:54,314 [363604564]   WARN - #c.j.p.r.PythonCommandLineState - Python interpreter flavor is not taken into account while initializing Python path
2023-02-18 22:53:49,722 [363659972]   WARN - #c.j.p.r.PythonCommandLineState - Python interpreter flavor is not taken into account while initializing Python path
2023-02-18 22:54:14,192 [363684442]   WARN - #c.j.p.r.PythonCommandLineState - Python interpreter flavor is not taken into account while initializing Python path
2023-02-18 22:54:54,957 [363725207]   WARN - #c.j.p.r.PythonCommandLineState - Python interpreter flavor is not taken into account while initializing Python path
2023-02-18 22:58:44,577 [363954827]   WARN - #c.j.p.r.PythonCommandLineState - Python interpreter flavor is not taken into account while initializing Python path
2023-02-18 22:59:52,970 [364023220]   WARN - #c.j.p.r.PythonCommandLineState - Python interpreter flavor is not taken into account while initializing Python path
2023-02-18 23:12:50,526 [364800776]   WARN - #c.j.p.r.PythonCommandLineState - Python interpreter flavor is not taken into account while initializing Python path
2023-02-18 23:24:11,059 [365481309]   WARN - #c.j.p.r.PythonCommandLineState - Python interpreter flavor is not taken into account while initializing Python path
2023-02-18 23:24:19,898 [365490148]   WARN - #c.j.p.r.PythonCommandLineState - Python interpreter flavor is not taken into account while initializing Python path
2023-02-18 23:25:53,852 [365584102]   WARN - #c.j.p.r.PythonCommandLineState - Python interpreter flavor is not taken into account while initializing Python path
2023-02-18 23:26:07,844 [365598094]   WARN - #c.j.p.r.PythonCommandLineState - Python interpreter flavor is not taken into account while initializing Python path
2023-02-18 23:30:06,644 [365836894]   WARN - #c.j.p.r.PythonCommandLineState - Python interpreter flavor is not taken into account while initializing Python path
2023-02-18 23:32:14,503 [365964753]   WARN - #c.j.p.r.PythonCommandLineState - Python interpreter flavor is not taken into account while initializing Python path
2023-02-18 23:32:14,795 [365965045]   WARN - #c.i.o.a.i.ActionUpdater - 259 ms to grab EDT for CodeWithMeUsersAction#update@NavBarToolbar (com.jetbrains.rd.platform.codeWithMe.toolbar.CodeWithMeUsersAction)
2023-02-18 23:32:14,795 [365965045]   WARN - #c.i.o.a.i.ActionUpdater - 259 ms to grab EDT for #getChildren@EditorInspectionsToolbar (com.intellij.codeInsight.actions.ReaderModeActionProvider$createAction$1)
2023-02-18 23:32:15,025 [365965275]   WARN - #c.i.o.a.i.ActionUpdater - 214 ms to grab EDT for #update@EditorInspectionsToolbar (com.intellij.openapi.editor.impl.EditorMarkupModelImpl$1)
2023-02-18 23:32:15,025 [365965275]   WARN - #c.i.o.a.i.ActionUpdater - 213 ms to grab EDT for VcsPushAction#update@NavBarToolbar (com.intellij.dvcs.push.VcsPushAction)
2023-02-18 23:35:40,599 [366170849]   WARN - #c.j.p.r.PythonCommandLineState - Python interpreter flavor is not taken into account while initializing Python path
2023-02-18 23:36:17,217 [366207467]   WARN - #c.j.p.r.PythonCommandLineState - Python interpreter flavor is not taken into account while initializing Python path
2023-02-18 23:36:44,182 [366234432]   WARN - #c.j.p.r.PythonCommandLineState - Python interpreter flavor is not taken into account while initializing Python path
2023-02-18 23:39:49,237 [366419487]   WARN - #c.j.p.r.PythonCommandLineState - Python interpreter flavor is not taken into account while initializing Python path
2023-02-18 23:40:14,884 [366445134]   WARN - #c.j.p.r.PythonCommandLineState - Python interpreter flavor is not taken into account while initializing Python path
2023-02-18 23:44:11,713 [366681963]   WARN - #c.j.p.r.PythonCommandLineState - Python interpreter flavor is not taken into account while initializing Python path
2023-02-18 23:52:47,151 [367197401]   WARN - #c.j.p.r.PythonCommandLineState - Python interpreter flavor is not taken into account while initializing Python path
2023-02-18 23:54:20,418 [367290668]   WARN - #c.j.p.r.PythonCommandLineState - Python interpreter flavor is not taken into account while initializing Python path
2023-02-18 23:54:38,989 [367309239]   WARN - #c.j.p.r.PythonCommandLineState - Python interpreter flavor is not taken into account while initializing Python path
