
        ***********************************************************************
                           Generation of Conformers (GeCoS)
                         -----------------------------------
                         
                                    Version 0.1
                         
                                  Dr. Javier Ramos
                          Macromolecular Physics Department
                    Instituto de Estructura de la Materia (IEM-CSIC)
                                   Madrid (Spain)
                                   
                GeCoS is an open-source python library to quickly generate
                conformers of small molecules or polymer segments 
                using RdKit and OpenBabel libraries. Once, the
                conformers are generated, QM optimizations and subsequent 
                clustering can be done.
                
                This software is distributed under the terms of the
                GNU General Public License v3.0 (GNU GPLv3). A copy of 
                the license (LICENSE.txt) is included with this distribution. 
                
        ***********************************************************************
                     
        
		******** CREATION OF THE GECOS RDKIT OBJECT ********

		Conformers will be generated with RdKit library (https://www.rdkit.org/docs/GettingStartedInPython.html)

		Molecular file seed  : /home/jramos/PycharmProjects/GeCos/data/IsoP.pdb
		Bond Perception: True

		Formula          = C10H18
		Number of atoms  = 28
		Molecular weight = 138.14 g/mol
		Rotable bonds    = 7 (include CH3 groups
		Number fo rings  = 0
		******** CREATION OF THE GECOS RDKIT OBJECT ********


