
        ***********************************************************************
                           Generation of Conformers (GeCoS)
                                       Analysis
                         -----------------------------------

                                    Version 0.1

                                  Dr. Javier Ramos
                          Macromolecular Physics Department
                    Instituto de Estructura de la Materia (IEM-CSIC)
                                   Madrid (Spain)

                GeCoS is an open-source python library to quickly generate
                conformers of small molecules or polymer segments 
                using RdKit and OpenBabel libraries. Once, the
                conformers are generated, QM optimizations and subsequent 
                clustering can be done.

                This software is distributed under the terms of the
                GNU General Public License v3.0 (GNU GPLv3). A copy of 
                the license (LICENSE.txt) is included with this distribution. 

        ***********************************************************************

        
		Start Job at 04-04-2023 15:20:11 ============

		Command line: 
			python gecos_analysis.py energy -d ../../glucose_14_g16_results/
			         or
			gecos_analysis energy -d ../../glucose_14_g16_results/


	ERROR: 04-04-2023 04 15:20:11: 
		 ERROR. No G16 log files in the folder
		 ../../glucose_14_g16_results/
