, 03-IsoP_012_gaussian, 1, ,
JOBSEND: 1, TOTALJOBS: 11
, 03-IsoP_067_gaussian, 2, 1, 11
JOBSEND: 2, TOTALJOBS: 11
, 03-IsoP_151_gaussian, 3, 2, 11
JOBSEND: 3, TOTALJOBS: 11
, 03-IsoP_166_gaussian, 4, 3, 11
JOBSEND: 4, TOTALJOBS: 11
, 03-IsoP_189_gaussian, 5, 4, 11
JOBSEND: 5, TOTALJOBS: 11
, 03-IsoP_192_gaussian, 6, 5, 11
JOBSEND: 6, TOTALJOBS: 11
, 03-IsoP_238_gaussian, 7, 6, 11
JOBSEND: 7, TOTALJOBS: 11
, 03-IsoP_295_gaussian, 8, 7, 11
JOBSEND: 8, TOTALJOBS: 11
, 03-IsoP_356_gaussian, 9, 8, 11
JOBSEND: 9, TOTALJOBS: 11
, 03-IsoP_393_gaussian, 10, 9, 11
JOBSEND: 10, TOTALJOBS: 11
, 03-IsoP_419_gaussian, 11, 10, 11
JOBSEND: 11, TOTALJOBS: 11
