
        ***********************************************************************
                           Generation of Conformers (GeCoS)
                         -----------------------------------
                         
                                    Version 0.1
                         
                                  Dr. Javier Ramos
                          Macromolecular Physics Department
                    Instituto de Estructura de la Materia (IEM-CSIC)
                                   Madrid (Spain)
                                   
                GeCoS is an open-source python library to quickly generate
                conformers of small molecules or polymer segments 
                using RdKit and OpenBabel libraries. Once, the
                conformers are generated, QM optimizations and subsequent 
                clustering can be done.
                
                This software is distributed under the terms of the
                GNU General Public License v3.0 (GNU GPLv3). A copy of 
                the license (LICENSE.txt) is included with this distribution. 
                
        ***********************************************************************
                     
        
		******** CREATION OF THE GECOS RDKIT OBJECT ********

		Conformers will be generated with RdKit library (https://www.rdkit.org/docs/GettingStartedInPython.html)

		Molecular file seed  : /home/jramos/PycharmProjects/GeCos/data/IsoP.pdb
		Bond Perception: True

		******** CREATION OF THE GECOS RDKIT OBJECT ********


		**************** GENERATE CONFORMERS ***************
		 1. Generating 500 conformers (14-09-2021 10:17:15)
		 2. Minimizing 500 conformers. Max_iters = 3000, threshold = 2.0 A (14-09-2021 10:17:19)
			 Using MMFF forcefield
		 3. Cluster Conformers (14-09-2021 10:17:24)
			500 conformers generated grouped in 11 clusters (rmsd_threshold= 2.0 angstroms)
		 4. Get structure of minimum energy for each cluster (14-09-2021 10:17:28)
		 5. Write Conformers to PDB (14-09-2021 10:17:28)
			Filename: /home/jramos/PycharmProjects/GeCos/examples/02-IsoP_trueno_rdkit_pm3/02-IsoP_conf_min_trj.pdb
		 6. Write Conformers to Gaussian16 (14-09-2021 10:17:28)
			Inputfiles in 02-IsoP_g16_conformers/ directory
		**************** GENERATE CONFORMERS ***************


		**************** CONFORMER MM ENERGIES ***************
			Cluster Conformer_ID  MMFF_energy(kcal/mol)  Relative_energy(kcal/mol)
			--------------------------------------------------------------------
			   1        166          23.24                0.00          
			   2        295          23.24                0.00          
			   3         12          23.29                0.05          
			   4        356          23.29                0.05          
			   5        151          23.71                0.47          
			   6        419          23.69                0.45          
			   7         67          23.49                0.24          
			   8        189          23.69                0.45          
			   9        238          23.96                0.72          
			  10        192          23.49                0.24          
			  11        393          23.49                0.24          
		**************** CONFORMER MM ENERGIES ***************

		**************** OPTIMIZE CONFORMERS USING GAUSSIAN16 ***************
			1. Connected to trueno.csic.es (14-09-2021 10:17:29)
			   Database /home/jramos/PycharmProjects/GeCos/examples/02-IsoP_trueno_rdkit_pm3/02-IsoP_trueno.db created
			2. Prepare SLURM script for each conformer (14-09-2021 10:17:29).
			3. Send input files (com and sh) to server. (14-09-2021 10:17:29)
			   Prepare and send full.sh script.
			   Update database.
			4. Send QM calculations to server. (14-09-2021 10:17:30)
			5. Close connection
		**************** OPTIMIZE CONFORMERS USING GAUSSIAN16 ***************

		**************** SUMMARY ***************

		Localdir                      : /home/jramos/PycharmProjects/GeCos/examples/02-IsoP_trueno_rdkit_pm3
		Database                      : /home/jramos/PycharmProjects/GeCos/examples/02-IsoP_trueno_rdkit_pm3/02-IsoP_trueno.db
		Trajectory file MM conformers : 02-IsoP_conf_min_trj.pdb
		Directory with QM files       : 02-IsoP_g16_conformers/

		#              Name_job               DeltaE_QM(kcal/mol) RMSD(A)  RMSD_incluster(A) Cluster_QM
		# =============================================================================================
		        02-IsoP_151_gaussian                 0.00          0.000         0.000           1     
		        02-IsoP_012_gaussian                 0.13          0.619         0.619           1     
		        02-IsoP_166_gaussian                 0.10          1.421         0.000           2     
		        02-IsoP_192_gaussian                 0.43          1.385         0.645           2     
		        02-IsoP_295_gaussian                 0.10          1.510         0.000           3     
		        02-IsoP_356_gaussian                 0.13          1.113         0.000           4     
		        02-IsoP_067_gaussian                 0.43          1.158         0.955           4     
		        02-IsoP_393_gaussian                 0.43          1.158         0.955           4     
		        02-IsoP_419_gaussian                 0.48          1.258         0.000           5     
		        02-IsoP_189_gaussian                 0.48          1.689         0.000           6     
		        02-IsoP_238_gaussian                 1.05          1.097         0.000           7     

		## Optimized conformers:
			02-IsoP_151_gaussian_allign.mol2
			02-IsoP_166_gaussian_allign.mol2
			02-IsoP_295_gaussian_allign.mol2
			02-IsoP_356_gaussian_allign.mol2
			02-IsoP_419_gaussian_allign.mol2
			02-IsoP_189_gaussian_allign.mol2
			02-IsoP_238_gaussian_allign.mol2
		## Optimized conformers:

			-------- ATTENTION --------
			You should remove the files in /home/cfmac/jramos/GECOS/02-IsoP
			from the server trueno.csic.es
			-------- ATTENTION --------

		**************** SUMMARY ***************


		 Job Finnished: 14-09-2021 10:17:42

